c:\users\ocanath\ocanathproj\rt-plotter-sdl\build\rt-plotter-sdl.dir\debug\vc143.pdb
c:\users\ocanath\ocanathproj\rt-plotter-sdl\build\cmakefiles\generate.stamp
c:\users\ocanath\ocanathproj\rt-plotter-sdl\build\debug\rt-plotter-sdl.exe
c:\users\ocanath\ocanathproj\rt-plotter-sdl\build\debug\rt-plotter-sdl.pdb
c:\users\ocanath\ocanathproj\rt-plotter-sdl\vsproj\rt-plotter-sdl.dir\debug\rt-plotter-sdl.ilk
c:\users\ocanath\ocanathproj\rt-plotter-sdl\vsproj\rt-plotter-sdl.dir\debug\args-parsing.obj
c:\users\ocanath\ocanathproj\rt-plotter-sdl\vsproj\rt-plotter-sdl.dir\debug\colors.obj
c:\users\ocanath\ocanathproj\rt-plotter-sdl\vsproj\rt-plotter-sdl.dir\debug\fsrs.obj
c:\users\ocanath\ocanathproj\rt-plotter-sdl\vsproj\rt-plotter-sdl.dir\debug\main.obj
c:\users\ocanath\ocanathproj\rt-plotter-sdl\vsproj\rt-plotter-sdl.dir\debug\ppp-parsing.obj
c:\users\ocanath\ocanathproj\rt-plotter-sdl\vsproj\rt-plotter-sdl.dir\debug\ppp.obj
c:\users\ocanath\ocanathproj\rt-plotter-sdl\vsproj\rt-plotter-sdl.dir\debug\winserial.obj
c:\users\ocanath\ocanathproj\rt-plotter-sdl\vsproj\rt-plotter-sdl.dir\debug\vc143.pdb
c:\users\ocanath\ocanathproj\rt-plotter-sdl\vsproj\rt-plotter-sdl.dir\debug\rt-plotter-sdl.tlog\cl.command.1.tlog
c:\users\ocanath\ocanathproj\rt-plotter-sdl\vsproj\rt-plotter-sdl.dir\debug\rt-plotter-sdl.tlog\cl.items.tlog
c:\users\ocanath\ocanathproj\rt-plotter-sdl\vsproj\rt-plotter-sdl.dir\debug\rt-plotter-sdl.tlog\cl.read.1.tlog
c:\users\ocanath\ocanathproj\rt-plotter-sdl\vsproj\rt-plotter-sdl.dir\debug\rt-plotter-sdl.tlog\cl.write.1.tlog
c:\users\ocanath\ocanathproj\rt-plotter-sdl\vsproj\rt-plotter-sdl.dir\debug\rt-plotter-sdl.tlog\custombuild.command.1.tlog
c:\users\ocanath\ocanathproj\rt-plotter-sdl\vsproj\rt-plotter-sdl.dir\debug\rt-plotter-sdl.tlog\custombuild.read.1.tlog
c:\users\ocanath\ocanathproj\rt-plotter-sdl\vsproj\rt-plotter-sdl.dir\debug\rt-plotter-sdl.tlog\custombuild.write.1.tlog
c:\users\ocanath\ocanathproj\rt-plotter-sdl\vsproj\rt-plotter-sdl.dir\debug\rt-plotter-sdl.tlog\link.command.1.tlog
c:\users\ocanath\ocanathproj\rt-plotter-sdl\vsproj\rt-plotter-sdl.dir\debug\rt-plotter-sdl.tlog\link.read.1.tlog
c:\users\ocanath\ocanathproj\rt-plotter-sdl\vsproj\rt-plotter-sdl.dir\debug\rt-plotter-sdl.tlog\link.secondary.1.tlog
c:\users\ocanath\ocanathproj\rt-plotter-sdl\vsproj\rt-plotter-sdl.dir\debug\rt-plotter-sdl.tlog\link.write.1.tlog
