  Building Custom Rule C:/Users/ocanath/OcanathProj/rt-plotter-sdl/CMakeLists.txt
  args-parsing.cpp
C:\Users\ocanath\OcanathProj\rt-plotter-sdl\args-parsing.cpp(10,2): warning C4305: 'initializing': truncation from 'double' to 'float'
  colors.cpp
  fsrs.cpp
C:\Users\ocanath\OcanathProj\rt-plotter-sdl\fsrs.cpp(28,14): warning C4244: 'initializing': conversion from 'double' to 'float', possible loss of data
  main.cpp
C:\Users\ocanath\OcanathProj\rt-plotter-sdl\main.cpp(289,37): warning C4244: '=': conversion from 'float' to 'int', possible loss of data
  PPP.cpp
  ppp-parsing.cpp
C:\Users\ocanath\OcanathProj\rt-plotter-sdl\ppp-parsing.cpp(34,17): warning C4244: '=': conversion from 'uint64_t' to 'int32_t', possible loss of data
C:\Users\ocanath\OcanathProj\rt-plotter-sdl\ppp-parsing.cpp(118,13): warning C4244: 'initializing': conversion from 'double' to 'float', possible loss of data
  winserial.cpp
C:\Users\ocanath\OcanathProj\rt-plotter-sdl\winserial.cpp(17,25): warning C4305: '=': truncation from 'WORD' to 'BYTE'
C:\Users\ocanath\OcanathProj\rt-plotter-sdl\winserial.cpp(17,25): warning C4309: '=': truncation of constant value
C:\Users\ocanath\OcanathProj\rt-plotter-sdl\winserial.cpp(63,9): warning C4311: 'type cast': pointer truncation from 'LPDWORD' to 'int'
C:\Users\ocanath\OcanathProj\rt-plotter-sdl\winserial.cpp(63,9): warning C4302: 'type cast': truncation from 'LPDWORD' to 'int'
C:\Users\ocanath\OcanathProj\rt-plotter-sdl\winserial.cpp(70,9): warning C4311: 'type cast': pointer truncation from 'LPDWORD' to 'int'
C:\Users\ocanath\OcanathProj\rt-plotter-sdl\winserial.cpp(70,9): warning C4302: 'type cast': truncation from 'LPDWORD' to 'int'
  Generating Code...
  rt-plotter-sdl.vcxproj -> C:\Users\ocanath\OcanathProj\rt-plotter-sdl\build\Debug\rt-plotter-sdl.exe
